<?xml version="1.0" encoding="UTF-8"?>
<!-- Generated by org.testng.reporters.JUnitReportReporter -->
<testsuite skipped="0" hostname="DESKTOP-HP09FJ3" name="pipepine.pipepine.Practice" tests="1" failures="0" timestamp="2020-09-10T22:40:25 IST" time="17.130" errors="0">
  <testcase name="testUntitledTestCase" time="17.130" classname="pipepine.pipepine.Practice"/>
  <system-out/>
</testsuite> <!-- pipepine.pipepine.Practice -->
