<?xml version="1.0" encoding="UTF-8"?>
<!-- Generated by org.testng.reporters.JUnitReportReporter -->
<testsuite skipped="0" hostname="DESKTOP-HP09FJ3" name="pipepine.pipepine.Practice" tests="1" failures="0" timestamp="2020-09-10T23:07:03 IST" time="8.236" errors="0">
  <testcase name="testUntitledTestCase" time="8.236" classname="pipepine.pipepine.Practice"/>
  <system-out/>
</testsuite> <!-- pipepine.pipepine.Practice -->
